===================================================
   ----- SERVER IS RUNNING ON PORT 8000 ----
===================================================
Database connected
===================================================
   ----- SERVER IS RUNNING ON PORT 8000 ----
===================================================
Database connected
filter:  Surveillance médical
===================================================
   ----- SERVER IS RUNNING ON PORT 8000 ----
===================================================
Database connected
===================================================
   ----- SERVER IS RUNNING ON PORT 8000 ----
===================================================
Database connected
===================================================
   ----- SERVER IS RUNNING ON PORT 8000 ----
===================================================
Database connected
===================================================
   ----- SERVER IS RUNNING ON PORT 8000 ----
===================================================
Database connected
hi
